<?xml version="1.0" encoding="UTF-8"?>
<testng-results skipped="0" failed="0" ignored="0" total="1" passed="1">
  <reporter-output>
  </reporter-output>
  <suite name="Suite" duration-ms="35325" started-at="2019-09-10T12:22:02Z" finished-at="2019-09-10T12:22:38Z">
    <groups>
    </groups>
    <test name="Test" duration-ms="35325" started-at="2019-09-10T12:22:02Z" finished-at="2019-09-10T12:22:38Z">
      <class name="com.test.TESTActitimeLogin">
        <test-method status="PASS" signature="openApp()[pri:0, instance:com.test.TESTActitimeLogin@17d0685f]" name="openApp" is-config="true" duration-ms="31452" started-at="2019-09-10T12:22:02Z" finished-at="2019-09-10T12:22:34Z">
          <reporter-output>
          </reporter-output>
        </test-method> <!-- openApp -->
        <test-method status="PASS" signature="login()[pri:0, instance:com.test.TESTActitimeLogin@17d0685f]" name="login" duration-ms="3789" started-at="2019-09-10T12:22:34Z" finished-at="2019-09-10T12:22:38Z">
          <reporter-output>
          </reporter-output>
        </test-method> <!-- login -->
        <test-method status="PASS" signature="closeApp()[pri:0, instance:com.test.TESTActitimeLogin@17d0685f]" name="closeApp" is-config="true" duration-ms="2" started-at="2019-09-10T12:22:38Z" finished-at="2019-09-10T12:22:38Z">
          <reporter-output>
          </reporter-output>
        </test-method> <!-- closeApp -->
      </class> <!-- com.test.TESTActitimeLogin -->
    </test> <!-- Test -->
  </suite> <!-- Suite -->
</testng-results>
